android-totem/app/build/outputs/mapping/release/seeds.txt
com.oneid.totem.OneIdApp_HiltComponents$SingletonC
com.oneid.totem.presentation.screens.checkin.code.CodeCheckInViewModel_Factory
com.oneid.totem.presentation.util.ConnectivityMonitor_Factory
com.oneid.totem.data.db.DatabaseModule
com.oneid.totem.data.db.DatabaseModule_ProvidePrintDaoFactory
com.oneid.totem.domain.model.EventConfig
com.oneid.totem.data.print.BrotherRasterPrinter_Factory
com.oneid.totem.DaggerOneIdApp_HiltComponents_SingletonC$SingletonCImpl
com.oneid.totem.data.db.ParticipantInfoData
com.oneid.totem.DaggerOneIdApp_HiltComponents_SingletonC$ViewWithFragmentCBuilder
com.oneid.totem.presentation.screens.checkin.code.CodeCheckInViewModel_HiltModules_KeyModule_ProvideFactory
com.oneid.totem.data.local.TotemPreferences_Factory
com.oneid.totem.DaggerOneIdApp_HiltComponents_SingletonC$ActivityRetainedCBuilder
com.oneid.totem.data.db.DatabaseManager$transaction$2
com.oneid.totem.data.db.DatabaseManager$execute$2
com.oneid.totem.data.db.DatabaseManager$query$2
com.oneid.totem.presentation.screens.feedback.FeedbackViewModel
com.oneid.totem.data.service.ModelDownloader_Factory
com.oneid.totem.data.print.BadgeRenderer_Factory
com.oneid.totem.DaggerOneIdApp_HiltComponents_SingletonC$ServiceCBuilder
com.oneid.totem.data.db.DatabaseManager$queryOne$1
com.oneid.totem.data.db.CooldownData
com.oneid.totem.presentation.screens.selfregister.SelfRegisterViewModel
com.oneid.totem.domain.model.FaceProcessingConfig
com.oneid.totem.DaggerOneIdApp_HiltComponents_SingletonC$ViewModelCBuilder
com.oneid.totem.data.db.CheckInDao_Factory
com.oneid.totem.data.db.TransactionContext
com.oneid.totem.domain.model.CheckInResult
com.oneid.totem.MainActivity
com.oneid.totem.OneIdApp_HiltComponents$FragmentC$Builder
com.oneid.totem.data.db.DatabaseManager$getConnection$2
com.oneid.totem.data.db.CheckInResultData
com.oneid.totem.data.service.FaceProcessingServiceImpl_Factory
com.oneid.totem.OneIdApp_HiltComponents$ServiceC$Builder
com.oneid.totem.data.db.SelfRegisterDao$PersonRow
com.oneid.totem.data.print.PrintCoordinator_Factory
com.oneid.totem.presentation.screens.checkin.face.FaceCheckInViewModel_Factory
com.oneid.totem.presentation.screens.login.LoginViewModel_Factory
com.oneid.totem.data.db.DatabaseManager_Factory$InstanceHolder
com.oneid.totem.domain.model.FaceDetectionResult
com.oneid.totem.data.db.SelfRegisterDao$selfRegister$2
com.oneid.totem.data.db.PrintConfigData
com.oneid.totem.data.db.SelfRegisterResultData
com.oneid.totem.data.db.DatabaseModule_ProvideSelfRegisterDaoFactory
com.oneid.totem.data.db.DatabaseModule_ProvideActiveEventResolverFactory
com.oneid.totem.data.repository.impl.PrintRepositoryImpl_Factory
com.oneid.totem.data.db.DatabaseModule_ProvideFaceDaoFactory
com.oneid.totem.data.db.PrintDao$createPrintJob$1
com.oneid.totem.DaggerOneIdApp_HiltComponents_SingletonC$ViewCBuilder
com.oneid.totem.presentation.screens.feedback.FeedbackViewModel_Factory
com.oneid.totem.domain.model.ParticipantInfo
com.oneid.totem.data.db.FaceCandidate
com.oneid.totem.data.db.PrintDao
com.oneid.totem.MainActivity_GeneratedInjector
com.oneid.totem.OneIdApp_HiltComponents$ViewModelC$Builder
com.oneid.totem.data.db.DatabaseManager_Factory
com.oneid.totem.data.db.ActiveEventResolver$resolveFromTotemId$1
com.oneid.totem.data.db.ParticipantPrintData
com.oneid.totem.presentation.screens.checkin.code.CodeCheckInViewModel
com.oneid.totem.data.db.ParticipantData
com.oneid.totem.domain.model.FaceLandmarks
com.oneid.totem.data.db.DatabaseConfig
com.oneid.totem.presentation.screens.checkin.face.FaceCheckInViewModel
com.oneid.totem.data.db.DatabaseManagerKt
com.oneid.totem.domain.model.TotemSession
com.oneid.totem.presentation.screens.selfregister.SelfRegisterViewModel_Factory
com.oneid.totem.presentation.screens.method.MethodViewModel_HiltModules_KeyModule_ProvideFactory
com.oneid.totem.data.db.Row
com.oneid.totem.data.repository.impl.AuthRepositoryImpl_Factory
com.oneid.totem.domain.model.BoundingBox
...
kotlinx.coroutines.DebugKt: boolean ASSERTIONS_ENABLED
kotlinx.coroutines.EventLoop: long useCount
okhttp3.internal.http2.Http2Reader$ContinuationSource: int left
org.postgresql.util.PSQLState: org.postgresql.util.PSQLState INVALID_PARAMETER_VALUE
kotlinx.coroutines.selects.TrySelectDetailedResult: kotlinx.coroutines.selects.TrySelectDetailedResult CANCELLED
com.google.mlkit.common.sdkinternal.zzf: com.google.android.gms.tasks.TaskCompletionSource zzb
kotlinx.coroutines.scheduling.CoroutineScheduler: java.util.concurrent.atomic.AtomicLongFieldUpdater controlState$volatile$FU
okhttp3.internal.http2.Http2Connection: okhttp3.internal.concurrent.TaskRunner taskRunner
org.postgresql.jdbc.PgStatement: org.postgresql.core.BaseConnection connection
kotlinx.coroutines.flow.FlowKt__ZipKt$combineTransform$$inlined$combineTransformUnsafe$FlowKt__ZipKt$5$1: kotlin.jvm.functions.Function7 $transform$inlined
com.google.crypto.tink.proto.KeyTypeEntry: com.google.crypto.tink.proto.KeyTypeEntry DEFAULT_INSTANCE
kotlinx.coroutines.flow.FlowKt__BuildersKt$asFlow$$inlined$unsafeFlow$10$1: int label
org.postgresql.core.TransactionState: org.postgresql.core.TransactionState FAILED
org.postgresql.core.QueryExecutorBase: int cancelPid
com.google.mlkit.common.internal.model.zze: com.google.mlkit.common.model.CustomRemoteModel zzb
kotlinx.coroutines.flow.FlowKt__ErrorsKt$catch$$inlined$unsafeFlow$1$1: java.lang.Object L$0
kotlinx.coroutines.flow.internal.CombineKt$combineInternal$2: kotlinx.coroutines.flow.Flow[] $flows
com.google.crypto.tink.proto.Keyset: com.google.crypto.tink.shaded.protobuf.Internal$ProtobufList key_
com.google.mlkit.common.MlKitException: int CODE_SCANNER_CANCELLED
okhttp3.internal.http2.Http2Writer: okhttp3.internal.http2.Hpack$Writer hpackWriter
kotlinx.coroutines.CompletedContinuation: java.lang.Object idempotentResume
okhttp3.Response$Builder: okhttp3.Handshake handshake
com.google.mlkit.vision.barcode.internal.zzo: boolean zzd
com.google.photos.vision.barhopper.zzp: com.google.android.gms.internal.mlkit_vision_barcode_bundled.zzeo zzh
kotlinx.coroutines.channels.ChannelsKt__DeprecatedKt$any$1: int label
okhttp3.CipherSuite: okhttp3.CipherSuite TLS_DH_anon_WITH_AES_128_CBC_SHA256
org.postgresql.util.WriterHandler: java.io.Writer writer
org.postgresql.jdbc.PgResultSet: org.postgresql.core.BaseConnection connection
okhttp3.CipherSuite: okhttp3.CipherSuite TLS_ECDHE_RSA_WITH_CHACHA20_POLY1305_SHA256
com.google.mlkit.vision.face.internal.zza: com.google.android.gms.internal.mlkit_vision_face.zzoy zzh
kotlinx.coroutines.flow.FlowKt__LimitKt$collectWhile$collector$1$emit$1: java.lang.Object L$0
kotlinx.coroutines.flow.FlowKt__EmittersKt$onEmpty$1$1: kotlin.jvm.internal.Ref$BooleanRef $isEmpty
com.google.mlkit.vision.barcode.internal.zzf: int zzb
okhttp3.internal.http2.Http2Stream: long writeBytesMaximum
org.postgresql.geometric.PGpolygon: org.postgresql.geometric.PGpoint[] points
ai.onnxruntime.OnnxTensorLike: long nativeHandle
org.postgresql.core.ServerVersion: org.postgresql.core.ServerVersion v8_2
kotlinx.coroutines.flow.FlowKt__ZipKt$combineTransform$$inlined$combineTransformUnsafe$FlowKt__ZipKt$1: int label
kotlinx.coroutines.channels.ChannelsKt__DeprecatedKt$elementAt$1: java.lang.Object L$1
com.google.mlkit.common.sdkinternal.OptionalModuleUtils: java.lang.String OCR_CHINESE_MODULE_ID
okhttp3.internal.http2.Http2Stream: long EMIT_BUFFER_SIZE
okhttp3.internal.cache.DiskLruCache$snapshots$1: java.util.Iterator delegate
okhttp3.internal.ws.RealWebSocket: java.lang.String receivedCloseReason
org.postgresql.core.v3.QueryExecutorImpl: java.util.Set useBinarySendForOids
org.postgresql.PGProperty: org.postgresql.PGProperty PG_DBNAME
okio.CipherSource: okio.Buffer buffer
com.google.crypto.tink.proto.ChaCha20Poly1305Key: com.google.crypto.tink.shaded.protobuf.Parser PARSER
org.postgresql.translation.messages_ja$1: int idx
okhttp3.OkHttpClient: okhttp3.CertificatePinner certificatePinner