android-totem/app/build/outputs/mapping/release/usage.txt
com.oneid.totem.DaggerOneIdApp_HiltComponents_SingletonC:
    private void <init>()
com.oneid.totem.Hilt_MainActivity:
    void <init>(int)
com.oneid.totem.MainActivity:
    public final void setConnectivityMonitor(com.oneid.totem.presentation.util.ConnectivityMonitor)
com.oneid.totem.MainActivity_MembersInjector:
    private final dagger.internal.Provider connectivityMonitorProvider
    public void <init>(dagger.internal.Provider)
    public static dagger.MembersInjector create(dagger.internal.Provider)
    public static dagger.MembersInjector create(javax.inject.Provider)
    public void injectMembers(com.oneid.totem.MainActivity)
    public synthetic bridge void injectMembers(java.lang.Object)
com.oneid.totem.OneIdApp:
    public final void setDatabaseManager(com.oneid.totem.data.db.DatabaseManager)
    public final void setModelDownloader(com.oneid.totem.data.service.ModelDownloader)
    public final void setPrefs(com.oneid.totem.data.local.TotemPreferences)
com.oneid.totem.OneIdApp_ComponentTreeDeps
com.oneid.totem.OneIdApp_HiltComponents$ActivityCBuilderModule
com.oneid.totem.OneIdApp_HiltComponents$ActivityRetainedCBuilderModule
com.oneid.totem.OneIdApp_HiltComponents$FragmentCBuilderModule
com.oneid.totem.OneIdApp_HiltComponents$ServiceCBuilderModule
com.oneid.totem.OneIdApp_HiltComponents$ViewCBuilderModule
com.oneid.totem.OneIdApp_HiltComponents$ViewModelCBuilderModule
com.oneid.totem.OneIdApp_HiltComponents$ViewWithFragmentCBuilderModule
com.oneid.totem.OneIdApp_HiltComponents
com.oneid.totem.OneIdApp_MembersInjector:
    private final dagger.internal.Provider databaseManagerProvider
    private final dagger.internal.Provider modelDownloaderProvider
    private final dagger.internal.Provider prefsProvider
    public void <init>(dagger.internal.Provider,dagger.internal.Provider,dagger.internal.Provider)
    public static dagger.MembersInjector create(dagger.internal.Provider,dagger.internal.Provider,dagger.internal.Provider)
    public static dagger.MembersInjector create(javax.inject.Provider,javax.inject.Provider,javax.inject.Provider)
    public void injectMembers(com.oneid.totem.OneIdApp)
    public synthetic bridge void injectMembers(java.lang.Object)
com.oneid.totem.R$color
com.oneid.totem.R$drawable
com.oneid.totem.R$mipmap
com.oneid.totem.R$string
com.oneid.totem.R$style
com.oneid.totem.R$xml
com.oneid.totem.R
com.oneid.totem.data.RepositoryModule
com.oneid.totem.data.local.TotemPreferences:
    private static final java.lang.String KEY_ACTIVE_EVENT_ID
    private static final java.lang.String KEY_DB_HOST
    private static final java.lang.String KEY_DB_NAME
    private static final java.lang.String KEY_DB_PASSWORD
    private static final java.lang.String KEY_DB_PORT
    private static final java.lang.String KEY_DB_SSL
    private static final java.lang.String KEY_DB_USER
    private static final java.lang.String KEY_EVENT_NAME
    private static final java.lang.String KEY_PRINTER_IP
    private static final java.lang.String KEY_TOTEM_ACCESS_CODE
    private static final java.lang.String KEY_TOTEM_EVENT_SUB_ID
    private static final java.lang.String KEY_TOTEM_ID
    private static final java.lang.String KEY_TOTEM_NAME
    private static final java.lang.String PREFS_NAME
    public final java.lang.String getTotemName()
com.oneid.totem.data.print.BadgeRenderer:
    public final void dispose()
    private static final void dispose$lambda$3(com.oneid.totem.data.print.BadgeRenderer)
com.oneid.totem.data.print.BrotherPrinter$DefaultImpls:
    public static synthetic java.lang.Object printBitmap$default(com.oneid.totem.data.print.BrotherPrinter,android.graphics.Bitmap,int,kotlin.coroutines.Continuation,int,java.lang.Object)
com.oneid.totem.data.print.BrotherPrinter:
    public abstract boolean isConnected()
com.oneid.totem.data.print.BrotherRasterPrinter:
    public boolean isConnected()
com.oneid.totem.data.print.BrotherRasterPrinter_Factory$InstanceHolder:
    private void <init>()
...
androidx.camera.camera2.internal.Camera2CapturePipeline$CameraCapturePipelineImpl
androidx.camera.camera2.internal.Camera2CapturePipeline$Pipeline$$InternalSyntheticLambda$12$585407664e4dc2fd6e03ce759105694f96e879fec85f0d614a92d47aafc3fc09$0
androidx.camera.camera2.internal.Camera2CapturePipeline$Pipeline$$InternalSyntheticLambda$12$585407664e4dc2fd6e03ce759105694f96e879fec85f0d614a92d47aafc3fc09$1
androidx.camera.camera2.internal.Camera2CapturePipeline$Pipeline$$InternalSyntheticLambda$13$2e4643555f10556d0f546915c92fa97bc9a957078d7f2c20eb3ad9b2689f1c34$0
androidx.camera.camera2.internal.Camera2CapturePipeline$Pipeline$$InternalSyntheticLambda$13$8c646476d91e049e5143541f10d92a1b3de358cb662d49d22e879748b504d39e$0
androidx.camera.camera2.internal.Camera2CapturePipeline$Pipeline$$InternalSyntheticLambda$13$8c646476d91e049e5143541f10d92a1b3de358cb662d49d22e879748b504d39e$1
androidx.camera.camera2.internal.Camera2CapturePipeline$Pipeline$$InternalSyntheticLambda$14$f3c594446c463a555b3c91a7b83f418887015d97a69f755552b1e4516ddff8b2$0
androidx.camera.camera2.internal.Camera2CapturePipeline$Pipeline$1$$InternalSyntheticLambda$14$73b1f1283ca71743852118cc403c94f0ebcfd7fb8fb9516b094a0d81308fd096$0
androidx.camera.camera2.internal.Camera2CapturePipeline$Pipeline$1
androidx.camera.camera2.internal.Camera2CapturePipeline$Pipeline$2
androidx.camera.camera2.internal.Camera2CapturePipeline$Pipeline
androidx.camera.camera2.internal.Camera2CapturePipeline$PipelineTask
androidx.camera.camera2.internal.Camera2CapturePipeline$ResultListener$$InternalSyntheticLambda$15$15ca43f242ab69b626651c989f22890a8882d1f2ba0b01d80be830bdf1c8898e$0
androidx.camera.camera2.internal.Camera2CapturePipeline$ResultListener$Checker
androidx.camera.camera2.internal.Camera2CapturePipeline$ResultListener
androidx.camera.camera2.internal.Camera2CapturePipeline$ScreenFlashTask$$InternalSyntheticLambda$13$fdb7579c36e0afd94a8d1d326c5bd25f899744612894b70ec777ef4d7084f32c$0
androidx.camera.camera2.internal.Camera2CapturePipeline$ScreenFlashTask$$InternalSyntheticLambda$13$fdb7579c36e0afd94a8d1d326c5bd25f899744612894b70ec777ef4d7084f32c$1
androidx.camera.camera2.internal.Camera2CapturePipeline$ScreenFlashTask$$InternalSyntheticLambda$14$d51ffa9e70363db2c8ab5a73f2989a072d00d5c81c400c27a66116150211aad9$0
androidx.camera.camera2.internal.Camera2CapturePipeline$ScreenFlashTask$$InternalSyntheticLambda$14$d51ffa9e70363db2c8ab5a73f2989a072d00d5c81c400c27a66116150211aad9$1
androidx.camera.camera2.internal.Camera2CapturePipeline$ScreenFlashTask$$InternalSyntheticLambda$14$d51ffa9e70363db2c8ab5a73f2989a072d00d5c81c400c27a66116150211aad9$2
androidx.camera.camera2.internal.Camera2CapturePipeline$ScreenFlashTask$$InternalSyntheticLambda$14$d51ffa9e70363db2c8ab5a73f2989a072d00d5c81c400c27a66116150211aad9$3
androidx.camera.camera2.internal.Camera2CapturePipeline$ScreenFlashTask$$InternalSyntheticLambda$14$d51ffa9e70363db2c8ab5a73f2989a072d00d5c81c400c27a66116150211aad9$4
androidx.camera.camera2.internal.Camera2CapturePipeline$ScreenFlashTask$$InternalSyntheticLambda$14$d51ffa9e70363db2c8ab5a73f2989a072d00d5c81c400c27a66116150211aad9$5
androidx.camera.camera2.internal.Camera2CapturePipeline$ScreenFlashTask$$InternalSyntheticLambda$14$d51ffa9e70363db2c8ab5a73f2989a072d00d5c81c400c27a66116150211aad9$6
androidx.camera.camera2.internal.Camera2CapturePipeline$ScreenFlashTask$$InternalSyntheticLambda$14$d51ffa9e70363db2c8ab5a73f2989a072d00d5c81c400c27a66116150211aad9$7
androidx.camera.camera2.internal.Camera2CapturePipeline$ScreenFlashTask$$InternalSyntheticLambda$15$75a57ce7502468a46b9f6257612e1364b631231a6523f730cbc14db74bc34a65$0
androidx.camera.camera2.internal.Camera2CapturePipeline$ScreenFlashTask$$InternalSyntheticLambda$15$a16ca73365d772c2d250d1ba3b4cf4ff95086120d40cc8bce0df7194316968e3$0
androidx.camera.camera2.internal.Camera2CapturePipeline$ScreenFlashTask$$InternalSyntheticLambda$15$a29bcc7dd10bc089ce6041de004d985cf074e35451251944d47baf8c290b5bf3$0